<?xml version="1.0" encoding="UTF-8"?>
<testsuite name="com.city.management.exercise.api.SuburbApiIT" tests="1" skipped="0" failures="0" errors="0" timestamp="2022-03-23T00:55:36" hostname="MacBook-Pro-de-Marcos.local" time="0.471">
  <properties/>
  <testcase name="findByFilter_should_filter_by_post_code()" classname="com.city.management.exercise.api.SuburbApiIT" time="0.471"/>
  <system-out><![CDATA[21:55:31.730 [Test worker] DEBUG org.springframework.test.context.BootstrapUtils - Instantiating CacheAwareContextLoaderDelegate from class [org.springframework.test.context.cache.DefaultCacheAwareContextLoaderDelegate]
21:55:31.740 [Test worker] DEBUG org.springframework.test.context.BootstrapUtils - Instantiating BootstrapContext using constructor [public org.springframework.test.context.support.DefaultBootstrapContext(java.lang.Class,org.springframework.test.context.CacheAwareContextLoaderDelegate)]
21:55:31.777 [Test worker] DEBUG org.springframework.test.context.BootstrapUtils - Instantiating TestContextBootstrapper for test class [com.city.management.exercise.api.SuburbApiIT] from class [org.springframework.boot.test.context.SpringBootTestContextBootstrapper]
21:55:31.789 [Test worker] INFO org.springframework.boot.test.context.SpringBootTestContextBootstrapper - Neither @ContextConfiguration nor @ContextHierarchy found for test class [com.city.management.exercise.api.SuburbApiIT], using SpringBootContextLoader
21:55:31.792 [Test worker] DEBUG org.springframework.test.context.support.AbstractContextLoader - Did not detect default resource location for test class [com.city.management.exercise.api.SuburbApiIT]: class path resource [com/city/management/exercise/api/SuburbApiIT-context.xml] does not exist
21:55:31.793 [Test worker] DEBUG org.springframework.test.context.support.AbstractContextLoader - Did not detect default resource location for test class [com.city.management.exercise.api.SuburbApiIT]: class path resource [com/city/management/exercise/api/SuburbApiITContext.groovy] does not exist
21:55:31.793 [Test worker] INFO org.springframework.test.context.support.AbstractContextLoader - Could not detect default resource locations for test class [com.city.management.exercise.api.SuburbApiIT]: no resource found for suffixes {-context.xml, Context.groovy}.
21:55:31.794 [Test worker] INFO org.springframework.test.context.support.AnnotationConfigContextLoaderUtils - Could not detect default configuration classes for test class [com.city.management.exercise.api.SuburbApiIT]: SuburbApiIT does not declare any static, non-private, non-final, nested classes annotated with @Configuration.
21:55:31.847 [Test worker] DEBUG org.springframework.test.context.support.ActiveProfilesUtils - Could not find an 'annotation declaring class' for annotation type [org.springframework.test.context.ActiveProfiles] and class [com.city.management.exercise.api.SuburbApiIT]
21:55:31.911 [Test worker] DEBUG org.springframework.context.annotation.ClassPathScanningCandidateComponentProvider - Identified candidate component class: file [/Users/magostta/Desktop/exercise/build/classes/java/main/com/city/management/exercise/ExerciseApplication.class]
21:55:31.912 [Test worker] INFO org.springframework.boot.test.context.SpringBootTestContextBootstrapper - Found @SpringBootConfiguration com.city.management.exercise.ExerciseApplication for test class com.city.management.exercise.api.SuburbApiIT
21:55:32.004 [Test worker] DEBUG org.springframework.boot.test.context.SpringBootTestContextBootstrapper - @TestExecutionListeners is not present for class [com.city.management.exercise.api.SuburbApiIT]: using defaults.
21:55:32.004 [Test worker] INFO org.springframework.boot.test.context.SpringBootTestContextBootstrapper - Loaded default TestExecutionListener class names from location [META-INF/spring.factories]: [org.springframework.boot.test.autoconfigure.restdocs.RestDocsTestExecutionListener, org.springframework.boot.test.autoconfigure.web.client.MockRestServiceServerResetTestExecutionListener, org.springframework.boot.test.autoconfigure.web.servlet.MockMvcPrintOnlyOnFailureTestExecutionListener, org.springframework.boot.test.autoconfigure.web.servlet.WebDriverTestExecutionListener, org.springframework.boot.test.autoconfigure.webservices.client.MockWebServiceServerTestExecutionListener, org.springframework.boot.test.mock.mockito.MockitoTestExecutionListener, org.springframework.boot.test.mock.mockito.ResetMocksTestExecutionListener, org.springframework.test.context.web.ServletTestExecutionListener, org.springframework.test.context.support.DirtiesContextBeforeModesTestExecutionListener, org.springframework.test.context.event.ApplicationEventsTestExecutionListener, org.springframework.test.context.support.DependencyInjectionTestExecutionListener, org.springframework.test.context.support.DirtiesContextTestExecutionListener, org.springframework.test.context.transaction.TransactionalTestExecutionListener, org.springframework.test.context.jdbc.SqlScriptsTestExecutionListener, org.springframework.test.context.event.EventPublishingTestExecutionListener]
21:55:32.021 [Test worker] INFO org.springframework.boot.test.context.SpringBootTestContextBootstrapper - Using TestExecutionListeners: [org.springframework.test.context.web.ServletTestExecutionListener@4acf72b6, org.springframework.test.context.support.DirtiesContextBeforeModesTestExecutionListener@7561db12, org.springframework.test.context.event.ApplicationEventsTestExecutionListener@3301500b, org.springframework.boot.test.mock.mockito.MockitoTestExecutionListener@24b52d3e, org.springframework.boot.test.autoconfigure.SpringBootDependencyInjectionTestExecutionListener@15deb1dc, org.springframework.test.context.support.DirtiesContextTestExecutionListener@6e9c413e, org.springframework.test.context.transaction.TransactionalTestExecutionListener@57a4d5ee, org.springframework.test.context.jdbc.SqlScriptsTestExecutionListener@5af5def9, org.springframework.test.context.event.EventPublishingTestExecutionListener@3a45c42a, org.springframework.boot.test.autoconfigure.restdocs.RestDocsTestExecutionListener@36dce7ed, org.springframework.boot.test.autoconfigure.web.client.MockRestServiceServerResetTestExecutionListener@47a64f7d, org.springframework.boot.test.autoconfigure.web.servlet.MockMvcPrintOnlyOnFailureTestExecutionListener@33d05366, org.springframework.boot.test.autoconfigure.web.servlet.WebDriverTestExecutionListener@27a0a5a2, org.springframework.boot.test.autoconfigure.webservices.client.MockWebServiceServerTestExecutionListener@7692cd34, org.springframework.boot.test.mock.mockito.ResetMocksTestExecutionListener@33aa93c]
21:55:32.025 [Test worker] DEBUG org.springframework.test.context.support.AbstractDirtiesContextTestExecutionListener - Before test class: context [DefaultTestContext@41de5768 testClass = SuburbApiIT, testInstance = [null], testMethod = [null], testException = [null], mergedContextConfiguration = [WebMergedContextConfiguration@5f577419 testClass = SuburbApiIT, locations = '{}', classes = '{class com.city.management.exercise.ExerciseApplication}', contextInitializerClasses = '[]', activeProfiles = '{}', propertySourceLocations = '{}', propertySourceProperties = '{org.springframework.boot.test.context.SpringBootTestContextBootstrapper=true}', contextCustomizers = set[org.springframework.boot.test.autoconfigure.actuate.metrics.MetricsExportContextCustomizerFactory$DisableMetricExportContextCustomizer@207b8649, org.springframework.boot.test.autoconfigure.properties.PropertyMappingContextCustomizer@4b3fa0b3, org.springframework.boot.test.autoconfigure.web.servlet.WebDriverContextCustomizerFactory$Customizer@cb191ca, [ImportsContextCustomizer@28fa700e key = [org.springframework.boot.test.autoconfigure.web.servlet.MockMvcAutoConfiguration, org.springframework.boot.test.autoconfigure.web.servlet.MockMvcWebClientAutoConfiguration, org.springframework.boot.test.autoconfigure.web.servlet.MockMvcWebDriverAutoConfiguration, org.springframework.boot.autoconfigure.security.oauth2.client.servlet.OAuth2ClientAutoConfiguration, org.springframework.boot.autoconfigure.security.oauth2.resource.servlet.OAuth2ResourceServerAutoConfiguration, org.springframework.boot.autoconfigure.security.servlet.SecurityAutoConfiguration, org.springframework.boot.autoconfigure.security.servlet.SecurityFilterAutoConfiguration, org.springframework.boot.autoconfigure.security.servlet.UserDetailsServiceAutoConfiguration, org.springframework.boot.test.autoconfigure.web.servlet.MockMvcSecurityConfiguration, org.springframework.boot.test.autoconfigure.web.reactive.WebTestClientAutoConfiguration]], org.springframework.boot.test.context.filter.ExcludeFilterContextCustomizer@61884cb1, org.springframework.boot.test.json.DuplicateJsonObjectContextCustomizerFactory$DuplicateJsonObjectContextCustomizer@435871cb, org.springframework.boot.test.mock.mockito.MockitoContextCustomizer@0, org.springframework.boot.test.web.client.TestRestTemplateContextCustomizer@13c3c1e1, org.springframework.boot.test.context.SpringBootTestArgs@1, org.springframework.boot.test.context.SpringBootTestWebEnvironment@5c86dbc5], resourceBasePath = 'src/main/webapp', contextLoader = 'org.springframework.boot.test.context.SpringBootContextLoader', parent = [null]], attributes = map['org.springframework.test.context.web.ServletTestExecutionListener.activateListener' -> true]], class annotated with @DirtiesContext [false] with mode [null].

  .   ____          _            __ _ _
 /\\ / ___'_ __ _ _(_)_ __  __ _ \ \ \ \
( ( )\___ | '_ | '_| | '_ \/ _` | \ \ \ \
 \\/  ___)| |_)| | | | | || (_| |  ) ) ) )
  '  |____| .__|_| |_|_| |_\__, | / / / /
 =========|_|==============|___/=/_/_/_/
 :: Spring Boot ::                (v2.6.4)

2022-03-22 21:55:32.677  INFO 4040 --- [    Test worker] c.c.management.exercise.api.SuburbApiIT  : Starting SuburbApiIT using Java 11.0.10 on MacBook-Pro-de-Marcos.local with PID 4040 (started by magostta in /Users/magostta/Desktop/exercise)
2022-03-22 21:55:32.678  INFO 4040 --- [    Test worker] c.c.management.exercise.api.SuburbApiIT  : No active profile set, falling back to 1 default profile: "default"
2022-03-22 21:55:33.287  INFO 4040 --- [    Test worker] .s.d.r.c.RepositoryConfigurationDelegate : Bootstrapping Spring Data JPA repositories in DEFAULT mode.
2022-03-22 21:55:33.338  INFO 4040 --- [    Test worker] .s.d.r.c.RepositoryConfigurationDelegate : Finished Spring Data repository scanning in 43 ms. Found 1 JPA repository interfaces.
2022-03-22 21:55:33.864  INFO 4040 --- [    Test worker] o.hibernate.jpa.internal.util.LogHelper  : HHH000204: Processing PersistenceUnitInfo [name: default]
2022-03-22 21:55:33.922  INFO 4040 --- [    Test worker] org.hibernate.Version                    : HHH000412: Hibernate ORM core version 5.6.5.Final
2022-03-22 21:55:34.128  INFO 4040 --- [    Test worker] o.hibernate.annotations.common.Version   : HCANN000001: Hibernate Commons Annotations {5.1.2.Final}
2022-03-22 21:55:34.237  INFO 4040 --- [    Test worker] com.zaxxer.hikari.HikariDataSource       : HikariPool-1 - Starting...
2022-03-22 21:55:34.420  INFO 4040 --- [    Test worker] com.zaxxer.hikari.HikariDataSource       : HikariPool-1 - Start completed.
2022-03-22 21:55:34.443  INFO 4040 --- [    Test worker] org.hibernate.dialect.Dialect            : HHH000400: Using dialect: org.hibernate.dialect.H2Dialect
2022-03-22 21:55:35.145  INFO 4040 --- [    Test worker] o.h.e.t.j.p.i.JtaPlatformInitiator       : HHH000490: Using JtaPlatform implementation: [org.hibernate.engine.transaction.jta.platform.internal.NoJtaPlatform]
2022-03-22 21:55:35.155  INFO 4040 --- [    Test worker] j.LocalContainerEntityManagerFactoryBean : Initialized JPA EntityManagerFactory for persistence unit 'default'
2022-03-22 21:55:35.648  WARN 4040 --- [    Test worker] JpaBaseConfiguration$JpaWebConfiguration : spring.jpa.open-in-view is enabled by default. Therefore, database queries may be performed during view rendering. Explicitly configure spring.jpa.open-in-view to disable this warning
2022-03-22 21:55:35.869  INFO 4040 --- [    Test worker] o.s.b.a.h2.H2ConsoleAutoConfiguration    : H2 console available at '/h2-console'. Database available at 'jdbc:h2:mem:testdb'
2022-03-22 21:55:36.159  INFO 4040 --- [    Test worker] o.s.b.t.m.w.SpringBootMockServletContext : Initializing Spring TestDispatcherServlet ''
2022-03-22 21:55:36.159  INFO 4040 --- [    Test worker] o.s.t.web.servlet.TestDispatcherServlet  : Initializing Servlet ''
2022-03-22 21:55:36.160  INFO 4040 --- [    Test worker] o.s.t.web.servlet.TestDispatcherServlet  : Completed initialization in 1 ms
2022-03-22 21:55:36.178  INFO 4040 --- [    Test worker] c.c.management.exercise.api.SuburbApiIT  : Started SuburbApiIT in 4.118 seconds (JVM running for 5.288)

MockHttpServletRequest:
      HTTP Method = GET
      Request URI = /api/v1/suburb/filter
       Parameters = {postCodeStart=[1000], postCodeEnd=[1000]}
          Headers = []
             Body = null
    Session Attrs = {}

Handler:
             Type = com.city.management.exercise.api.SuburbApi
           Method = com.city.management.exercise.api.SuburbApi#findByFilter(SuburbFilter)

Async:
    Async started = false
     Async result = null

Resolved Exception:
             Type = null

ModelAndView:
        View name = null
             View = null
            Model = null

FlashMap:
       Attributes = null

MockHttpServletResponse:
           Status = 200
    Error message = null
          Headers = [Content-Type:"application/json"]
     Content type = application/json
             Body = [{"id":"055a86c5-99e0-484f-8193-fb3f415dc003","name":"Albert Park","postCode":1000}]
    Forwarded URL = null
   Redirected URL = null
          Cookies = []

MockHttpServletRequest:
      HTTP Method = GET
      Request URI = /api/v1/suburb/filter
       Parameters = {postCodeStart=[1000], postCodeEnd=[2000]}
          Headers = []
             Body = null
    Session Attrs = {}

Handler:
             Type = com.city.management.exercise.api.SuburbApi
           Method = com.city.management.exercise.api.SuburbApi#findByFilter(SuburbFilter)

Async:
    Async started = false
     Async result = null

Resolved Exception:
             Type = null

ModelAndView:
        View name = null
             View = null
            Model = null

FlashMap:
       Attributes = null

MockHttpServletResponse:
           Status = 200
    Error message = null
          Headers = [Content-Type:"application/json"]
     Content type = application/json
             Body = [{"id":"055a86c5-99e0-484f-8193-fb3f415dc003","name":"Albert Park","postCode":1000},{"id":"a917ea50-f769-43af-bc1b-2a363d50e2c6","name":"Balwyn","postCode":2000}]
    Forwarded URL = null
   Redirected URL = null
          Cookies = []

MockHttpServletRequest:
      HTTP Method = GET
      Request URI = /api/v1/suburb/filter
       Parameters = {postCodeStart=[2000], postCodeEnd=[3000]}
          Headers = []
             Body = null
    Session Attrs = {}

Handler:
             Type = com.city.management.exercise.api.SuburbApi
           Method = com.city.management.exercise.api.SuburbApi#findByFilter(SuburbFilter)

Async:
    Async started = false
     Async result = null

Resolved Exception:
             Type = null

ModelAndView:
        View name = null
             View = null
            Model = null

FlashMap:
       Attributes = null

MockHttpServletResponse:
           Status = 200
    Error message = null
          Headers = [Content-Type:"application/json"]
     Content type = application/json
             Body = [{"id":"a917ea50-f769-43af-bc1b-2a363d50e2c6","name":"Balwyn","postCode":2000},{"id":"d7979160-8afb-4577-9357-0f7ec4562da9","name":"Caroline Springs","postCode":3000}]
    Forwarded URL = null
   Redirected URL = null
          Cookies = []

MockHttpServletRequest:
      HTTP Method = GET
      Request URI = /api/v1/suburb/filter
       Parameters = {postCodeStart=[8000], postCodeEnd=[9000]}
          Headers = []
             Body = null
    Session Attrs = {}

Handler:
             Type = com.city.management.exercise.api.SuburbApi
           Method = com.city.management.exercise.api.SuburbApi#findByFilter(SuburbFilter)

Async:
    Async started = false
     Async result = null

Resolved Exception:
             Type = null

ModelAndView:
        View name = null
             View = null
            Model = null

FlashMap:
       Attributes = null

MockHttpServletResponse:
           Status = 200
    Error message = null
          Headers = [Content-Type:"application/json"]
     Content type = application/json
             Body = []
    Forwarded URL = null
   Redirected URL = null
          Cookies = []
]]></system-out>
  <system-err><![CDATA[]]></system-err>
</testsuite>
